<?xml version="1.0" encoding="UTF-8"?>
<!-- Generated by org.testng.reporters.JUnitReportReporter -->
<testsuite skipped="0" hostname="Biplab" name="facebookTestCases.VerifyFacebookFactory" tests="1" failures="0" timestamp="28 Jan 2020 22:11:28 GMT" time="33.881" errors="0">
  <testcase name="checkValidUser" time="33.881" classname="facebookTestCases.VerifyFacebookFactory"/>
</testsuite> <!-- facebookTestCases.VerifyFacebookFactory -->
