<?xml version="1.0" encoding="UTF-8"?>
<!-- Generated by org.testng.reporters.JUnitReportReporter -->
<testsuite skipped="0" hostname="Biplab" name="facebookTestCases.ParametarizFacebookLogin" tests="1" failures="0" timestamp="28 Jan 2020 22:18:15 GMT" time="21.206" errors="0">
  <testcase name="verifyValidLogin" time="21.206" classname="facebookTestCases.ParametarizFacebookLogin"/>
</testsuite> <!-- facebookTestCases.ParametarizFacebookLogin -->
