<?xml version="1.0" encoding="UTF-8"?>
<!-- Generated by org.testng.reporters.JUnitReportReporter -->
<testsuite skipped="0" hostname="Biplab" name="facebookTestCases.VerifyFacebookLogin" tests="1" failures="0" timestamp="24 Jan 2020 04:31:30 GMT" time="9.531" errors="0">
  <testcase name="verifyValidLogin" time="9.531" classname="facebookTestCases.VerifyFacebookLogin"/>
</testsuite> <!-- facebookTestCases.VerifyFacebookLogin -->
